  common.cpp
  config.cpp
  debugger.cpp
  emu.cpp
  fifo.cpp
  fileio.cpp
  disk.cpp
  event.cpp
  harddisk.cpp
  i286.cpp
  i386_dasm.cpp
  i8237.cpp
  i8251.cpp
  i8253.cpp
  i8255.cpp
  i8259.cpp
  i86.cpp
  io.cpp
  ls244.cpp
  memory.cpp
  midi.cpp
  noise.cpp
  not.cpp
  pcm1bit.cpp
  prnfile.cpp
  scsi_dev.cpp
  scsi_hdd.cpp
  scsi_host.cpp
  tms3631.cpp
  upd1990a.cpp
  upd7220.cpp
  upd765a.cpp
  v30_dasm.cpp
  ym2203.cpp
  fmgen.cpp
  fmtimer.cpp
  opna.cpp
  psg.cpp
  cpureg.cpp
  display.cpp
  dmareg.cpp
  floppy.cpp
  fmsound.cpp
  joystick.cpp
  keyboard.cpp
  membus.cpp
  mouse.cpp
  pc9801.cpp
  sasi.cpp
  serial.cpp
  osd.cpp
  osd_console.cpp
  osd_input.cpp
  osd_midi.cpp
  osd_screen.cpp
  osd_sound.cpp
  winmain.cpp
  pc9801vx.vcxproj -> D:\Develop\common\history\2022-12-04\vc++2017\bin\x86\Release\pc9801vx.exe
